{
  "RSpec": {
    "coverage": {
      "/Users/piavonwachenfelt/bootcamp/WanderFinalProject/wander-api/app/helpers/application_helper.rb": [
        1,
        null
      ],
      "/Users/piavonwachenfelt/bootcamp/WanderFinalProject/wander-api/app/models/trail.rb": [
        1,
        1,
        1,
        1,
        null
      ],
      "/Users/piavonwachenfelt/bootcamp/WanderFinalProject/wander-api/app/models/application_record.rb": [
        1,
        1,
        null
      ],
      "/Users/piavonwachenfelt/bootcamp/WanderFinalProject/wander-api/app/controllers/v1/trails_controller.rb": [
        1,
        1,
        3,
        null,
        3,
        2,
        null,
        1,
        null,
        null,
        null,
        1,
        3,
        null,
        3,
        1,
        null,
        2,
        null,
        null,
        null,
        1,
        null,
        1,
        3,
        null,
        null,
        1,
        4,
        null,
        null
      ],
      "/Users/piavonwachenfelt/bootcamp/WanderFinalProject/wander-api/app/controllers/application_controller.rb": [
        1,
        null
      ],
      "/Users/piavonwachenfelt/bootcamp/WanderFinalProject/wander-api/app/serializers/trails_serializer.rb": [
        1,
        1,
        null
      ],
      "/Users/piavonwachenfelt/bootcamp/WanderFinalProject/wander-api/app/mailers/application_mailer.rb": [
        0,
        0,
        0,
        0
      ],
      "/Users/piavonwachenfelt/bootcamp/WanderFinalProject/wander-api/app/jobs/application_job.rb": [
        0,
        null,
        null,
        null,
        null,
        null,
        0
      ],
      "/Users/piavonwachenfelt/bootcamp/WanderFinalProject/wander-api/app/channels/application_cable/connection.rb": [
        0,
        0,
        0,
        0
      ],
      "/Users/piavonwachenfelt/bootcamp/WanderFinalProject/wander-api/app/channels/application_cable/channel.rb": [
        0,
        0,
        0,
        0
      ]
    },
    "timestamp": 1573571337
  }
}
